[INFO] 26-04-2024 23:05:55 [main] [Tests.TC04_LoginTestCase.openBrowser(TC04_LoginTestCase.java:37)] - Browser is: null
[INFO] 26-04-2024 23:06:07 [main] [Tests.TC04_LoginTestCase.openBrowser(TC04_LoginTestCase.java:40)] - Browser is opened: chrome
[INFO] 26-04-2024 23:06:08 [main] [Tests.TC04_LoginTestCase.openBrowser(TC04_LoginTestCase.java:42)] - page is redirected to base URL: https://automationexercise.com/
[INFO] 26-04-2024 23:06:09 [main] [Listeners.ITestResultListenerClass.onTestStart(ITestResultListenerClass.java:9)] - Test Case VerifyOnUserCouldLoginSuccessfullyWithValidData started
[ERROR] 26-04-2024 23:06:18 [main] [Utilities.Utility.clickingOnElement(Utility.java:30)] - element click intercepted: Element <a href="/login">...</a> is not clickable at point (775, 40). Other element would receive the click: <iframe id="aswift_8" name="aswift_8" style="width: 100vw !important; height: 100vh !important; inset: 0px auto auto 0px !important; position: absolute !important; clear: none !important; display: inline !important; float: none !important; margin: 0px !important; max-height: none !important; max-width: none !important; opacity: 1 !important; overflow: visible !important; padding: 0px !important; vertical-align: baseline !important; visibility: visible !important; z-index: auto !important;" sandbox="allow-forms allow-popups allow-popups-to-escape-sandbox allow-same-origin allow-scripts allow-top-navigation-by-user-activation" width="" height="" frameborder="0" marginwidth="0" marginheight="0" vspace="0" hspace="0" allowtransparency="true" scrolling="no" src="https://googleads.g.doubleclick.net/pagead/html/r20240424/r20110914/zrt_lookup_fy2021.html#RS-0-&amp;adk=1812271808&amp;client=ca-pub-1677597403311019&amp;fa=8&amp;ifi=9&amp;uci=a!9" data-google-container-id="a!9" tabindex="0" title="Advertisement" aria-label="Advertisement" data-google-query-id="CJub3_nW4IUDFRnrFgUdNHkJ-Q" data-load-complete="true"></iframe>
  (Session info: chrome=123.0.6312.124)
Build info: version: '4.18.1', revision: 'b1d3319b48'
System info: os.name: 'Windows 10', os.arch: 'amd64', os.version: '10.0', java.version: '22'
Driver info: org.openqa.selenium.chrome.ChromeDriver
Command: [d51628effe16f8f42a5e044ad6a7b213, clickElement {id=f.C26B53B7A229A32C9E2535818B9C9B86.d.06973A315B712C45A52EBD70BEC0A223.e.12}]
Capabilities {acceptInsecureCerts: false, browserName: chrome, browserVersion: 123.0.6312.124, chrome: {chromedriverVersion: 123.0.6312.122 (31f8248cdd9..., userDataDir: C:\Users\KINGOF~1\AppData\L...}, fedcm:accounts: true, goog:chromeOptions: {debuggerAddress: localhost:51213}, networkConnectionEnabled: false, pageLoadStrategy: normal, platformName: windows, proxy: Proxy(), se:cdp: ws://localhost:51213/devtoo..., se:cdpVersion: 123.0.6312.124, setWindowRect: true, strictFileInteractability: false, timeouts: {implicit: 0, pageLoad: 300000, script: 30000}, unhandledPromptBehavior: dismiss and notify, webauthn:extension:credBlob: true, webauthn:extension:largeBlob: true, webauthn:extension:minPinLength: true, webauthn:extension:prf: true, webauthn:virtualAuthenticators: true}
Element: [[ChromeDriver: chrome on windows (d51628effe16f8f42a5e044ad6a7b213)] -> css selector: a[href="/login"]]
Session ID: d51628effe16f8f42a5e044ad6a7b213
[ERROR] 26-04-2024 23:06:28 [main] [Utilities.Utility.sendData(Utility.java:44)] - Expected condition failed: waiting for visibility of element located by By.cssSelector: input[data-qa="login-email"] (tried for 5 second(s) with 500 milliseconds interval)
Build info: version: '4.18.1', revision: 'b1d3319b48'
System info: os.name: 'Windows 10', os.arch: 'amd64', os.version: '10.0', java.version: '22'
Driver info: org.openqa.selenium.chrome.ChromeDriver
Capabilities {acceptInsecureCerts: false, browserName: chrome, browserVersion: 123.0.6312.124, chrome: {chromedriverVersion: 123.0.6312.122 (31f8248cdd9..., userDataDir: C:\Users\KINGOF~1\AppData\L...}, fedcm:accounts: true, goog:chromeOptions: {debuggerAddress: localhost:51213}, networkConnectionEnabled: false, pageLoadStrategy: normal, platformName: windows, proxy: Proxy(), se:cdp: ws://localhost:51213/devtoo..., se:cdpVersion: 123.0.6312.124, setWindowRect: true, strictFileInteractability: false, timeouts: {implicit: 0, pageLoad: 300000, script: 30000}, unhandledPromptBehavior: dismiss and notify, webauthn:extension:credBlob: true, webauthn:extension:largeBlob: true, webauthn:extension:minPinLength: true, webauthn:extension:prf: true, webauthn:virtualAuthenticators: true}
Session ID: d51628effe16f8f42a5e044ad6a7b213
[ERROR] 26-04-2024 23:06:38 [main] [Utilities.Utility.sendData(Utility.java:44)] - Expected condition failed: waiting for visibility of element located by By.cssSelector: input[data-qa="login-password"] (tried for 5 second(s) with 500 milliseconds interval)
Build info: version: '4.18.1', revision: 'b1d3319b48'
System info: os.name: 'Windows 10', os.arch: 'amd64', os.version: '10.0', java.version: '22'
Driver info: org.openqa.selenium.chrome.ChromeDriver
Capabilities {acceptInsecureCerts: false, browserName: chrome, browserVersion: 123.0.6312.124, chrome: {chromedriverVersion: 123.0.6312.122 (31f8248cdd9..., userDataDir: C:\Users\KINGOF~1\AppData\L...}, fedcm:accounts: true, goog:chromeOptions: {debuggerAddress: localhost:51213}, networkConnectionEnabled: false, pageLoadStrategy: normal, platformName: windows, proxy: Proxy(), se:cdp: ws://localhost:51213/devtoo..., se:cdpVersion: 123.0.6312.124, setWindowRect: true, strictFileInteractability: false, timeouts: {implicit: 0, pageLoad: 300000, script: 30000}, unhandledPromptBehavior: dismiss and notify, webauthn:extension:credBlob: true, webauthn:extension:largeBlob: true, webauthn:extension:minPinLength: true, webauthn:extension:prf: true, webauthn:virtualAuthenticators: true}
Session ID: d51628effe16f8f42a5e044ad6a7b213
[INFO] 26-04-2024 23:06:45 [main] [Utilities.Utility.clickingOnElement(Utility.java:27)] - button is clickable: By.cssSelector: button[data-qa="login-button"]
[ERROR] 26-04-2024 23:06:55 [main] [Pages.P01_HomePage.getLoggedInUserName(P01_HomePage.java:50)] - Expected condition failed: waiting for visibility of element located by By.xpath: //a//b (tried for 5 second(s) with 500 milliseconds interval)
Build info: version: '4.18.1', revision: 'b1d3319b48'
System info: os.name: 'Windows 10', os.arch: 'amd64', os.version: '10.0', java.version: '22'
Driver info: org.openqa.selenium.chrome.ChromeDriver
Capabilities {acceptInsecureCerts: false, browserName: chrome, browserVersion: 123.0.6312.124, chrome: {chromedriverVersion: 123.0.6312.122 (31f8248cdd9..., userDataDir: C:\Users\KINGOF~1\AppData\L...}, fedcm:accounts: true, goog:chromeOptions: {debuggerAddress: localhost:51213}, networkConnectionEnabled: false, pageLoadStrategy: normal, platformName: windows, proxy: Proxy(), se:cdp: ws://localhost:51213/devtoo..., se:cdpVersion: 123.0.6312.124, setWindowRect: true, strictFileInteractability: false, timeouts: {implicit: 0, pageLoad: 300000, script: 30000}, unhandledPromptBehavior: dismiss and notify, webauthn:extension:credBlob: true, webauthn:extension:largeBlob: true, webauthn:extension:minPinLength: true, webauthn:extension:prf: true, webauthn:virtualAuthenticators: true}
Session ID: d51628effe16f8f42a5e044ad6a7b213
[INFO] 26-04-2024 23:06:55 [main] [Listeners.IInvokedMethodListenerClass.afterInvocation(IInvokedMethodListenerClass.java:33)] - Test Case VerifyOnUserCouldLoginSuccessfullyWithValidData failed
[INFO] 26-04-2024 23:06:57 [main] [Tests.TC04_LoginTestCase.openBrowser(TC04_LoginTestCase.java:37)] - Browser is: null
[INFO] 26-04-2024 23:07:04 [main] [Tests.TC04_LoginTestCase.openBrowser(TC04_LoginTestCase.java:40)] - Browser is opened: chrome
[INFO] 26-04-2024 23:07:05 [main] [Tests.TC04_LoginTestCase.openBrowser(TC04_LoginTestCase.java:42)] - page is redirected to base URL: https://automationexercise.com/
[INFO] 26-04-2024 23:07:05 [main] [Listeners.ITestResultListenerClass.onTestStart(ITestResultListenerClass.java:9)] - Test Case VerifyOnUserCouldNotLoginWithInValidData started
[INFO] 26-04-2024 23:07:22 [main] [Utilities.Utility.clickingOnElement(Utility.java:27)] - button is clickable: By.cssSelector: a[href="/login"]
[INFO] 26-04-2024 23:07:22 [main] [Utilities.Utility.sendData(Utility.java:41)] - sending data is: tes@example.com
[INFO] 26-04-2024 23:07:22 [main] [Utilities.Utility.sendData(Utility.java:41)] - sending data is: 12345623
[INFO] 26-04-2024 23:07:23 [main] [Utilities.Utility.clickingOnElement(Utility.java:27)] - button is clickable: By.cssSelector: button[data-qa="login-button"]
[INFO] 26-04-2024 23:07:23 [main] [Utilities.Utility.VerifyURL(Utility.java:121)] - Actual URL: https://automationexercise.com/login
[INFO] 26-04-2024 23:07:23 [main] [Utilities.Utility.VerifyURL(Utility.java:122)] - Expected URL: https://automationexercise.com/login
[INFO] 26-04-2024 23:07:23 [main] [Pages.P04_LoginPage.verifyErrorMessageOfInvalidLoginIsDisplayed(P04_LoginPage.java:63)] - Error Message is:Your email or password is incorrect!
[INFO] 26-04-2024 23:07:23 [main] [Pages.P04_LoginPage.getErrorMessageOfInvalidDataLogin(P04_LoginPage.java:56)] - Error Message is displayed:true
[INFO] 26-04-2024 23:07:23 [main] [Listeners.ITestResultListenerClass.onTestSuccess(ITestResultListenerClass.java:13)] - Test Case VerifyOnUserCouldNotLoginWithInValidData passed
[INFO] 26-04-2024 23:07:23 [main] [Tests.TC04_LoginTestCase.openBrowser(TC04_LoginTestCase.java:37)] - Browser is: null
[INFO] 26-04-2024 23:07:29 [main] [Tests.TC04_LoginTestCase.openBrowser(TC04_LoginTestCase.java:40)] - Browser is opened: chrome
[INFO] 26-04-2024 23:07:48 [main] [Tests.TC04_LoginTestCase.openBrowser(TC04_LoginTestCase.java:42)] - page is redirected to base URL: https://automationexercise.com/
[INFO] 26-04-2024 23:07:48 [main] [Listeners.ITestResultListenerClass.onTestStart(ITestResultListenerClass.java:9)] - Test Case verifyOnUserNameCouldDeleteHisAccountAfterLogin started
[INFO] 26-04-2024 23:07:49 [main] [Utilities.Utility.clickingOnElement(Utility.java:27)] - button is clickable: By.cssSelector: a[href="/login"]
[INFO] 26-04-2024 23:07:49 [main] [Utilities.Utility.sendData(Utility.java:41)] - sending data is: Test457@example.com
[INFO] 26-04-2024 23:07:49 [main] [Utilities.Utility.sendData(Utility.java:41)] - sending data is: 123456
[INFO] 26-04-2024 23:07:49 [main] [Utilities.Utility.clickingOnElement(Utility.java:27)] - button is clickable: By.cssSelector: button[data-qa="login-button"]
[ERROR] 26-04-2024 23:08:00 [main] [Utilities.Utility.clickingOnElement(Utility.java:30)] - Expected condition failed: waiting for element to be clickable: By.cssSelector: a[href="/delete_account"] (tried for 5 second(s) with 500 milliseconds interval)
Build info: version: '4.18.1', revision: 'b1d3319b48'
System info: os.name: 'Windows 10', os.arch: 'amd64', os.version: '10.0', java.version: '22'
Driver info: org.openqa.selenium.chrome.ChromeDriver
Capabilities {acceptInsecureCerts: false, browserName: chrome, browserVersion: 123.0.6312.124, chrome: {chromedriverVersion: 123.0.6312.122 (31f8248cdd9..., userDataDir: C:\Users\KINGOF~1\AppData\L...}, fedcm:accounts: true, goog:chromeOptions: {debuggerAddress: localhost:51310}, networkConnectionEnabled: false, pageLoadStrategy: normal, platformName: windows, proxy: Proxy(), se:cdp: ws://localhost:51310/devtoo..., se:cdpVersion: 123.0.6312.124, setWindowRect: true, strictFileInteractability: false, timeouts: {implicit: 0, pageLoad: 300000, script: 30000}, unhandledPromptBehavior: dismiss and notify, webauthn:extension:credBlob: true, webauthn:extension:largeBlob: true, webauthn:extension:minPinLength: true, webauthn:extension:prf: true, webauthn:virtualAuthenticators: true}
Session ID: cd3a681328dc0f5b04061aa993172d45
[ERROR] 26-04-2024 23:08:05 [main] [Utilities.Utility.VerifyURL(Utility.java:125)] - Expected condition failed: waiting for url to be "https://automationexercise.com/delete_account". Current url: "https://automationexercise.com/login" (tried for 5 second(s) with 500 milliseconds interval)
Build info: version: '4.18.1', revision: 'b1d3319b48'
System info: os.name: 'Windows 10', os.arch: 'amd64', os.version: '10.0', java.version: '22'
Driver info: org.openqa.selenium.chrome.ChromeDriver
Capabilities {acceptInsecureCerts: false, browserName: chrome, browserVersion: 123.0.6312.124, chrome: {chromedriverVersion: 123.0.6312.122 (31f8248cdd9..., userDataDir: C:\Users\KINGOF~1\AppData\L...}, fedcm:accounts: true, goog:chromeOptions: {debuggerAddress: localhost:51310}, networkConnectionEnabled: false, pageLoadStrategy: normal, platformName: windows, proxy: Proxy(), se:cdp: ws://localhost:51310/devtoo..., se:cdpVersion: 123.0.6312.124, setWindowRect: true, strictFileInteractability: false, timeouts: {implicit: 0, pageLoad: 300000, script: 30000}, unhandledPromptBehavior: dismiss and notify, webauthn:extension:credBlob: true, webauthn:extension:largeBlob: true, webauthn:extension:minPinLength: true, webauthn:extension:prf: true, webauthn:virtualAuthenticators: true}
Session ID: cd3a681328dc0f5b04061aa993172d45
[INFO] 26-04-2024 23:08:15 [main] [Listeners.IInvokedMethodListenerClass.afterInvocation(IInvokedMethodListenerClass.java:33)] - Test Case verifyOnUserNameCouldDeleteHisAccountAfterLogin failed
[INFO] 26-04-2024 23:08:16 [main] [Tests.TC04_LoginTestCase.openBrowser(TC04_LoginTestCase.java:37)] - Browser is: null
[INFO] 26-04-2024 23:08:22 [main] [Tests.TC04_LoginTestCase.openBrowser(TC04_LoginTestCase.java:40)] - Browser is opened: chrome
[INFO] 26-04-2024 23:08:30 [main] [Tests.TC04_LoginTestCase.openBrowser(TC04_LoginTestCase.java:42)] - page is redirected to base URL: https://automationexercise.com/
[INFO] 26-04-2024 23:08:30 [main] [Listeners.ITestResultListenerClass.onTestStart(ITestResultListenerClass.java:9)] - Test Case verifyOnUserNameIsLoggedAfterSignUp started
[ERROR] 26-04-2024 23:08:40 [main] [Utilities.Utility.clickingOnElement(Utility.java:30)] - Expected condition failed: waiting for element to be clickable: By.cssSelector: a[href="/login"] (tried for 5 second(s) with 500 milliseconds interval)
Build info: version: '4.18.1', revision: 'b1d3319b48'
System info: os.name: 'Windows 10', os.arch: 'amd64', os.version: '10.0', java.version: '22'
Driver info: org.openqa.selenium.chrome.ChromeDriver
Capabilities {acceptInsecureCerts: false, browserName: chrome, browserVersion: 123.0.6312.124, chrome: {chromedriverVersion: 123.0.6312.122 (31f8248cdd9..., userDataDir: C:\Users\KINGOF~1\AppData\L...}, fedcm:accounts: true, goog:chromeOptions: {debuggerAddress: localhost:51345}, networkConnectionEnabled: false, pageLoadStrategy: normal, platformName: windows, proxy: Proxy(), se:cdp: ws://localhost:51345/devtoo..., se:cdpVersion: 123.0.6312.124, setWindowRect: true, strictFileInteractability: false, timeouts: {implicit: 0, pageLoad: 300000, script: 30000}, unhandledPromptBehavior: dismiss and notify, webauthn:extension:credBlob: true, webauthn:extension:largeBlob: true, webauthn:extension:minPinLength: true, webauthn:extension:prf: true, webauthn:virtualAuthenticators: true}
Session ID: 0919ee0d45873f0ff3099b7e11af7454
[ERROR] 26-04-2024 23:08:47 [main] [Utilities.Utility.VerifyURL(Utility.java:125)] - Expected condition failed: waiting for url to be "https://automationexercise.com/login". Current url: "https://automationexercise.com/#google_vignette" (tried for 5 second(s) with 500 milliseconds interval)
Build info: version: '4.18.1', revision: 'b1d3319b48'
System info: os.name: 'Windows 10', os.arch: 'amd64', os.version: '10.0', java.version: '22'
Driver info: org.openqa.selenium.chrome.ChromeDriver
Capabilities {acceptInsecureCerts: false, browserName: chrome, browserVersion: 123.0.6312.124, chrome: {chromedriverVersion: 123.0.6312.122 (31f8248cdd9..., userDataDir: C:\Users\KINGOF~1\AppData\L...}, fedcm:accounts: true, goog:chromeOptions: {debuggerAddress: localhost:51345}, networkConnectionEnabled: false, pageLoadStrategy: normal, platformName: windows, proxy: Proxy(), se:cdp: ws://localhost:51345/devtoo..., se:cdpVersion: 123.0.6312.124, setWindowRect: true, strictFileInteractability: false, timeouts: {implicit: 0, pageLoad: 300000, script: 30000}, unhandledPromptBehavior: dismiss and notify, webauthn:extension:credBlob: true, webauthn:extension:largeBlob: true, webauthn:extension:minPinLength: true, webauthn:extension:prf: true, webauthn:virtualAuthenticators: true}
Session ID: 0919ee0d45873f0ff3099b7e11af7454
[INFO] 26-04-2024 23:08:57 [main] [Listeners.IInvokedMethodListenerClass.afterInvocation(IInvokedMethodListenerClass.java:33)] - Test Case verifyOnUserNameIsLoggedAfterSignUp failed
