[INFO] 03-05-2024 18:20:13 [main] [Tests.TC04_LoginTestCase.openBrowser(TC04_LoginTestCase.java:37)] - Browser is: null
[INFO] 03-05-2024 18:20:22 [main] [Tests.TC04_LoginTestCase.openBrowser(TC04_LoginTestCase.java:40)] - Browser is opened: chrome
[INFO] 03-05-2024 18:20:30 [main] [Tests.TC04_LoginTestCase.openBrowser(TC04_LoginTestCase.java:42)] - page is redirected to base URL: https://automationexercise.com/
[ERROR] 03-05-2024 18:20:42 [main] [Utilities.Utility.clickingOnElement(Utility.java:30)] - Expected condition failed: waiting for element to be clickable: By.cssSelector: a[href="/logout"] (tried for 5 second(s) with 500 milliseconds interval)
Build info: version: '4.18.1', revision: 'b1d3319b48'
System info: os.name: 'Windows 10', os.arch: 'amd64', os.version: '10.0', java.version: '22'
Driver info: org.openqa.selenium.chrome.ChromeDriver
Capabilities {acceptInsecureCerts: false, browserName: chrome, browserVersion: 123.0.6312.124, chrome: {chromedriverVersion: 123.0.6312.122 (31f8248cdd9..., userDataDir: C:\Users\KINGOF~1\AppData\L...}, fedcm:accounts: true, goog:chromeOptions: {debuggerAddress: localhost:50009}, networkConnectionEnabled: false, pageLoadStrategy: normal, platformName: windows, proxy: Proxy(), se:cdp: ws://localhost:50009/devtoo..., se:cdpVersion: 123.0.6312.124, setWindowRect: true, strictFileInteractability: false, timeouts: {implicit: 0, pageLoad: 300000, script: 30000}, unhandledPromptBehavior: dismiss and notify, webauthn:extension:credBlob: true, webauthn:extension:largeBlob: true, webauthn:extension:minPinLength: true, webauthn:extension:prf: true, webauthn:virtualAuthenticators: true}
Session ID: c80cf1fd7813f5a52bb8e9f8ffe189d2
[ERROR] 03-05-2024 18:20:47 [main] [Utilities.Utility.VerifyURL(Utility.java:125)] - Expected condition failed: waiting for url to be "https://automationexercise.com/login". Current url: "https://automationexercise.com/" (tried for 5 second(s) with 500 milliseconds interval)
Build info: version: '4.18.1', revision: 'b1d3319b48'
System info: os.name: 'Windows 10', os.arch: 'amd64', os.version: '10.0', java.version: '22'
Driver info: org.openqa.selenium.chrome.ChromeDriver
Capabilities {acceptInsecureCerts: false, browserName: chrome, browserVersion: 123.0.6312.124, chrome: {chromedriverVersion: 123.0.6312.122 (31f8248cdd9..., userDataDir: C:\Users\KINGOF~1\AppData\L...}, fedcm:accounts: true, goog:chromeOptions: {debuggerAddress: localhost:50009}, networkConnectionEnabled: false, pageLoadStrategy: normal, platformName: windows, proxy: Proxy(), se:cdp: ws://localhost:50009/devtoo..., se:cdpVersion: 123.0.6312.124, setWindowRect: true, strictFileInteractability: false, timeouts: {implicit: 0, pageLoad: 300000, script: 30000}, unhandledPromptBehavior: dismiss and notify, webauthn:extension:credBlob: true, webauthn:extension:largeBlob: true, webauthn:extension:minPinLength: true, webauthn:extension:prf: true, webauthn:virtualAuthenticators: true}
Session ID: c80cf1fd7813f5a52bb8e9f8ffe189d2
